Using pre-set license
Built from '2020.3/staging' branch; Version is '2020.3.22f1 (e1a7f79fd887) revision 14788599'; Using compiler version '192528614'; Build Type 'Release'
OS: 'Windows 10 Home; OS build 22000.348; Version 2009; 64bit' Language: 'en' Physical Memory: 8061 MB
BatchMode: 1, IsHumanControllingUs: 0, StartBugReporterOnCrash: 0, Is64bit: 1, IsPro: 0

COMMAND LINE ARGUMENTS:
C:\Program Files\Unity\Hub\Editor\2020.3.22f1\Editor\Unity.exe
-adb2
-batchMode
-noUpm
-name
AssetImportWorker0
-projectPath
D:/Asus/Documents/Unity/topdownnumbercatch/numbercatch
-logFile
Logs/AssetImportWorker0.log
-srvPort
53811
Successfully changed project path to: D:/Asus/Documents/Unity/topdownnumbercatch/numbercatch
D:/Asus/Documents/Unity/topdownnumbercatch/numbercatch
Using Asset Import Pipeline V2.
Refreshing native plugins compatible for Editor in 31.07 ms, found 2 plugins.
Preloading 0 native plugins for Editor in 0.00 ms.
Initialize engine version: 2020.3.22f1 (e1a7f79fd887)
[Subsystems] Discovering subsystems at path C:/Program Files/Unity/Hub/Editor/2020.3.22f1/Editor/Data/Resources/UnitySubsystems
[Subsystems] Discovering subsystems at path D:/Asus/Documents/Unity/topdownnumbercatch/numbercatch/Assets
GfxDevice: creating device client; threaded=0
Direct3D:
    Version:  Direct3D 11.0 [level 11.1]
    Renderer: NVIDIA GeForce GTX 1650 (ID=0x1f99)
    Vendor:   
    VRAM:     3962 MB
    Driver:   30.0.14.9676
Initialize mono
Mono path[0] = 'C:/Program Files/Unity/Hub/Editor/2020.3.22f1/Editor/Data/Managed'
Mono path[1] = 'C:/Program Files/Unity/Hub/Editor/2020.3.22f1/Editor/Data/MonoBleedingEdge/lib/mono/unityjit'
Mono config path = 'C:/Program Files/Unity/Hub/Editor/2020.3.22f1/Editor/Data/MonoBleedingEdge/etc'
Using monoOptions --debugger-agent=transport=dt_socket,embedding=1,server=y,suspend=n,address=127.0.0.1:56260
Begin MonoManager ReloadAssembly
Registering precompiled unity dll's ...
Register platform support module: C:/Program Files/Unity/Hub/Editor/2020.3.22f1/Editor/Data/PlaybackEngines/WindowsStandaloneSupport/UnityEditor.WindowsStandalone.Extensions.dll
Registered in 0.000959 seconds.
Native extension for WindowsStandalone target not found
Refreshing native plugins compatible for Editor in 30.71 ms, found 2 plugins.
Preloading 0 native plugins for Editor in 0.00 ms.
Mono: successfully reloaded assembly
- Completed reload, in  1.008 seconds
Domain Reload Profiling:
	ReloadAssembly (1008ms)
		BeginReloadAssembly (48ms)
			ExecutionOrderSort (0ms)
			DisableScriptedObjects (0ms)
			BackupInstance (0ms)
			ReleaseScriptingObjects (0ms)
			CreateAndSetChildDomain (1ms)
		EndReloadAssembly (443ms)
			LoadAssemblies (48ms)
			RebuildTransferFunctionScriptingTraits (0ms)
			SetupTypeCache (161ms)
			ReleaseScriptCaches (0ms)
			RebuildScriptCaches (32ms)
			SetupLoadedEditorAssemblies (152ms)
				LogAssemblyErrors (0ms)
				InitializePlatformSupportModulesInManaged (3ms)
				SetLoadedEditorAssemblies (0ms)
				RefreshPlugins (31ms)
				BeforeProcessingInitializeOnLoad (8ms)
				ProcessInitializeOnLoadAttributes (80ms)
				ProcessInitializeOnLoadMethodAttributes (30ms)
				AfterProcessingInitializeOnLoad (0ms)
				EditorAssembliesLoaded (0ms)
			ExecutionOrderSort2 (0ms)
			AwakeInstancesAfterBackupRestoration (0ms)
Platform modules already initialized, skipping
Registering precompiled user dll's ...
Registered in 0.002627 seconds.
Begin MonoManager ReloadAssembly
Native extension for WindowsStandalone target not found
Refreshing native plugins compatible for Editor in 0.38 ms, found 2 plugins.
Preloading 0 native plugins for Editor in 0.00 ms.
Mono: successfully reloaded assembly
- Completed reload, in  0.972 seconds
Domain Reload Profiling:
	ReloadAssembly (972ms)
		BeginReloadAssembly (147ms)
			ExecutionOrderSort (0ms)
			DisableScriptedObjects (5ms)
			BackupInstance (0ms)
			ReleaseScriptingObjects (0ms)
			CreateAndSetChildDomain (18ms)
		EndReloadAssembly (765ms)
			LoadAssemblies (86ms)
			RebuildTransferFunctionScriptingTraits (0ms)
			SetupTypeCache (263ms)
			ReleaseScriptCaches (0ms)
			RebuildScriptCaches (41ms)
			SetupLoadedEditorAssemblies (288ms)
				LogAssemblyErrors (0ms)
				InitializePlatformSupportModulesInManaged (5ms)
				SetLoadedEditorAssemblies (1ms)
				RefreshPlugins (0ms)
				BeforeProcessingInitializeOnLoad (53ms)
				ProcessInitializeOnLoadAttributes (218ms)
				ProcessInitializeOnLoadMethodAttributes (8ms)
				AfterProcessingInitializeOnLoad (3ms)
				EditorAssembliesLoaded (0ms)
			ExecutionOrderSort2 (0ms)
			AwakeInstancesAfterBackupRestoration (6ms)
Platform modules already initialized, skipping
========================================================================
Worker process is ready to serve import requests
Launched and connected shader compiler UnityShaderCompiler.exe after 0.05 seconds
Refreshing native plugins compatible for Editor in 0.52 ms, found 2 plugins.
Preloading 0 native plugins for Editor in 0.00 ms.
Unloading 1524 Unused Serialized files (Serialized files now loaded: 0)
System memory in use before: 88.1 MB.
System memory in use after: 88.3 MB.

Unloading 18 unused Assets to reduce memory usage. Loaded Objects now: 1979.
Total: 3.230800 ms (FindLiveObjects: 0.248800 ms CreateObjectMapping: 0.045200 ms MarkObjects: 2.895600 ms  DeleteObjects: 0.038400 ms)

AssetImportParameters requested are different than current active one (requested -> active):
  custom:framework-win-MediaFoundation: 216162199b28c13a410421893ffa2e32 -> 
  custom:video-decoder-ogg-theora: a1e56fd34408186e4bbccfd4996cb3dc -> 
  custom:container-muxer-webm: aa71ff27fc2769a1b78a27578f13a17b -> 
  custom:container-demuxer-webm: 4f35f7cbe854078d1ac9338744f61a02 -> 
  custom:container-demuxer-ogg: 62fdf1f143b41e24485cea50d1cbac27 -> 
  custom:video-encoder-webm-vp8: eb34c28f22e8b96e1ab97ce403110664 -> 
  custom:video-codec-MediaFoundation-h265: 746d11721c4dcdbdad8f713fa42b33f4 -> 
  custom:video-decoder-webm-vp8: 9c59270c3fd7afecdb556c50c9e8de78 -> 
  custom:audio-decoder-ogg-vorbis: bf7c407c2cedff20999df2af8eb42d56 -> 
  custom:audio-encoder-webm-vorbis: bf7c407c2cedff20999df2af8eb42d56 -> 
========================================================================
Received Import Request.
  path: Assets/Scenes
  artifactKey: Guid(40c6dd02a04c36143a32af218305cbc4) Importer(815301076,1909f56bfc062723c751e8b465ee728b)
Start importing Assets/Scenes using Guid(40c6dd02a04c36143a32af218305cbc4) Importer(815301076,1909f56bfc062723c751e8b465ee728b)  -> (artifact id: '5f2617ec4c2e1dfb30f24dae45f38727') in 0.011488 seconds 
  Import took 0.014135 seconds .

========================================================================
Received Import Request.
  Time since last request: 9.970522 seconds.
  path: Assets/Scenes/ui.unity
  artifactKey: Guid(dfbdc97043e67384ab673169887d23d0) Importer(815301076,1909f56bfc062723c751e8b465ee728b)
Start importing Assets/Scenes/ui.unity using Guid(dfbdc97043e67384ab673169887d23d0) Importer(815301076,1909f56bfc062723c751e8b465ee728b)  -> (artifact id: '042b1dae4441569f786ed7831a6ec107') in 0.022224 seconds 
  Import took 0.024894 seconds .

========================================================================
Received Import Request.
  Time since last request: 547.443017 seconds.
  path: Assets/ui elements/play_btn.png
  artifactKey: Guid(02402ea042a9acf489160bd24b94e2cd) Importer(815301076,1909f56bfc062723c751e8b465ee728b)
Start importing Assets/ui elements/play_btn.png using Guid(02402ea042a9acf489160bd24b94e2cd) Importer(815301076,1909f56bfc062723c751e8b465ee728b)  -> (artifact id: 'c9c289a81dded083c210868fd721bbf3') in 0.073662 seconds 
  Import took 0.175773 seconds .

========================================================================
Received Import Request.
  Time since last request: 0.279944 seconds.
  path: Assets/ui elements/savethethear.png
  artifactKey: Guid(106ebfa364e81b442b7f7a109caa56b5) Importer(815301076,1909f56bfc062723c751e8b465ee728b)
Start importing Assets/ui elements/savethethear.png using Guid(106ebfa364e81b442b7f7a109caa56b5) Importer(815301076,1909f56bfc062723c751e8b465ee728b)  -> (artifact id: '59b54f2498893937784e979b0dbc564d') in 0.017529 seconds 
  Import took 0.090822 seconds .

========================================================================
Received Import Request.
  Time since last request: 24.967068 seconds.
  path: Assets/ui elements/savethethear.png
  artifactKey: Guid(106ebfa364e81b442b7f7a109caa56b5) Importer(815301076,1909f56bfc062723c751e8b465ee728b)
Start importing Assets/ui elements/savethethear.png using Guid(106ebfa364e81b442b7f7a109caa56b5) Importer(815301076,1909f56bfc062723c751e8b465ee728b)  -> (artifact id: '5e98c8240bec4dbffea0aca95f798bbb') in 0.055800 seconds 
  Import took 0.155297 seconds .

========================================================================
Received Import Request.
  Time since last request: 215.651514 seconds.
  path: Assets/ui elements/play_btn.png
  artifactKey: Guid(02402ea042a9acf489160bd24b94e2cd) Importer(815301076,1909f56bfc062723c751e8b465ee728b)
Start importing Assets/ui elements/play_btn.png using Guid(02402ea042a9acf489160bd24b94e2cd) Importer(815301076,1909f56bfc062723c751e8b465ee728b)  -> (artifact id: '627d5009932c485510551a46aa908256') in 0.020877 seconds 
  Import took 0.209769 seconds .

========================================================================
Received Import Request.
  Time since last request: 20.748434 seconds.
  path: Assets/ui elements/savethethear.png
  artifactKey: Guid(106ebfa364e81b442b7f7a109caa56b5) Importer(815301076,1909f56bfc062723c751e8b465ee728b)
Start importing Assets/ui elements/savethethear.png using Guid(106ebfa364e81b442b7f7a109caa56b5) Importer(815301076,1909f56bfc062723c751e8b465ee728b)  -> (artifact id: 'b798f37147b63035ba92281cddd10ac8') in 0.022317 seconds 
  Import took 0.028662 seconds .

========================================================================
Received Import Request.
  Time since last request: 3.732102 seconds.
  path: Assets/ui elements/savethethear.png
  artifactKey: Guid(106ebfa364e81b442b7f7a109caa56b5) Importer(815301076,1909f56bfc062723c751e8b465ee728b)
Start importing Assets/ui elements/savethethear.png using Guid(106ebfa364e81b442b7f7a109caa56b5) Importer(815301076,1909f56bfc062723c751e8b465ee728b)  -> (artifact id: '9aa29f916e88325f52d502daaab6074e') in 0.016334 seconds 
  Import took 0.082146 seconds .

========================================================================
Received Prepare
Registering precompiled user dll's ...
Registered in 0.057046 seconds.
Begin MonoManager ReloadAssembly
Native extension for WindowsStandalone target not found
Refreshing native plugins compatible for Editor in 0.37 ms, found 2 plugins.
Preloading 0 native plugins for Editor in 0.00 ms.
Mono: successfully reloaded assembly
- Completed reload, in  0.973 seconds
Domain Reload Profiling:
	ReloadAssembly (975ms)
		BeginReloadAssembly (167ms)
			ExecutionOrderSort (0ms)
			DisableScriptedObjects (9ms)
			BackupInstance (0ms)
			ReleaseScriptingObjects (0ms)
			CreateAndSetChildDomain (82ms)
		EndReloadAssembly (749ms)
			LoadAssemblies (83ms)
			RebuildTransferFunctionScriptingTraits (0ms)
			SetupTypeCache (277ms)
			ReleaseScriptCaches (1ms)
			RebuildScriptCaches (36ms)
			SetupLoadedEditorAssemblies (261ms)
				LogAssemblyErrors (0ms)
				InitializePlatformSupportModulesInManaged (5ms)
				SetLoadedEditorAssemblies (1ms)
				RefreshPlugins (0ms)
				BeforeProcessingInitializeOnLoad (46ms)
				ProcessInitializeOnLoadAttributes (196ms)
				ProcessInitializeOnLoadMethodAttributes (9ms)
				AfterProcessingInitializeOnLoad (3ms)
				EditorAssembliesLoaded (0ms)
			ExecutionOrderSort2 (0ms)
			AwakeInstancesAfterBackupRestoration (6ms)
Platform modules already initialized, skipping
Refreshing native plugins compatible for Editor in 0.40 ms, found 2 plugins.
Preloading 0 native plugins for Editor in 0.00 ms.
Unloading 1518 Unused Serialized files (Serialized files now loaded: 0)
System memory in use before: 92.1 MB.
System memory in use after: 92.2 MB.

Unloading 14 unused Assets to reduce memory usage. Loaded Objects now: 1990.
Total: 3.785400 ms (FindLiveObjects: 0.179300 ms CreateObjectMapping: 0.043400 ms MarkObjects: 3.532100 ms  DeleteObjects: 0.029100 ms)

AssetImportParameters requested are different than current active one (requested -> active):
  custom:framework-win-MediaFoundation: 216162199b28c13a410421893ffa2e32 -> 
  custom:video-decoder-ogg-theora: a1e56fd34408186e4bbccfd4996cb3dc -> 
  custom:container-muxer-webm: aa71ff27fc2769a1b78a27578f13a17b -> 
  custom:container-demuxer-webm: 4f35f7cbe854078d1ac9338744f61a02 -> 
  custom:container-demuxer-ogg: 62fdf1f143b41e24485cea50d1cbac27 -> 
  custom:video-encoder-webm-vp8: eb34c28f22e8b96e1ab97ce403110664 -> 
  custom:video-codec-MediaFoundation-h265: 746d11721c4dcdbdad8f713fa42b33f4 -> 
  custom:video-decoder-webm-vp8: 9c59270c3fd7afecdb556c50c9e8de78 -> 
  custom:audio-decoder-ogg-vorbis: bf7c407c2cedff20999df2af8eb42d56 -> 
  custom:audio-encoder-webm-vorbis: bf7c407c2cedff20999df2af8eb42d56 -> 
========================================================================
Received Import Request.
  Time since last request: 308.965609 seconds.
  path: Assets/Scenes/SampleScene.unity
  artifactKey: Guid(9fc0d4010bbf28b4594072e72b8655ab) Importer(815301076,1909f56bfc062723c751e8b465ee728b)
Start importing Assets/Scenes/SampleScene.unity using Guid(9fc0d4010bbf28b4594072e72b8655ab) Importer(815301076,1909f56bfc062723c751e8b465ee728b)  -> (artifact id: 'fee8408d6519b29d941e44b7dc9a7894') in 0.031471 seconds 
  Import took 0.353502 seconds .

========================================================================
Received Import Request.
  Time since last request: 19.980660 seconds.
  path: Assets/Scenes/ui.unity
  artifactKey: Guid(dfbdc97043e67384ab673169887d23d0) Importer(815301076,1909f56bfc062723c751e8b465ee728b)
Start importing Assets/Scenes/ui.unity using Guid(dfbdc97043e67384ab673169887d23d0) Importer(815301076,1909f56bfc062723c751e8b465ee728b)  -> (artifact id: '934a8798fdbafc71d92b43eb554a4513') in 0.010177 seconds 
  Import took 0.111202 seconds .

========================================================================
Received Prepare
Registering precompiled user dll's ...
Registered in 0.003068 seconds.
Begin MonoManager ReloadAssembly
Native extension for WindowsStandalone target not found
Refreshing native plugins compatible for Editor in 0.47 ms, found 2 plugins.
Preloading 0 native plugins for Editor in 0.00 ms.
Mono: successfully reloaded assembly
- Completed reload, in  0.943 seconds
Domain Reload Profiling:
	ReloadAssembly (944ms)
		BeginReloadAssembly (115ms)
			ExecutionOrderSort (0ms)
			DisableScriptedObjects (4ms)
			BackupInstance (0ms)
			ReleaseScriptingObjects (0ms)
			CreateAndSetChildDomain (29ms)
		EndReloadAssembly (773ms)
			LoadAssemblies (91ms)
			RebuildTransferFunctionScriptingTraits (0ms)
			SetupTypeCache (295ms)
			ReleaseScriptCaches (1ms)
			RebuildScriptCaches (35ms)
			SetupLoadedEditorAssemblies (267ms)
				LogAssemblyErrors (0ms)
				InitializePlatformSupportModulesInManaged (5ms)
				SetLoadedEditorAssemblies (0ms)
				RefreshPlugins (1ms)
				BeforeProcessingInitializeOnLoad (46ms)
				ProcessInitializeOnLoadAttributes (204ms)
				ProcessInitializeOnLoadMethodAttributes (8ms)
				AfterProcessingInitializeOnLoad (3ms)
				EditorAssembliesLoaded (0ms)
			ExecutionOrderSort2 (0ms)
			AwakeInstancesAfterBackupRestoration (6ms)
Platform modules already initialized, skipping
Refreshing native plugins compatible for Editor in 0.36 ms, found 2 plugins.
Preloading 0 native plugins for Editor in 0.00 ms.
Unloading 1518 Unused Serialized files (Serialized files now loaded: 0)
System memory in use before: 92.1 MB.
System memory in use after: 92.2 MB.

Unloading 14 unused Assets to reduce memory usage. Loaded Objects now: 1992.
Total: 3.305500 ms (FindLiveObjects: 0.229300 ms CreateObjectMapping: 0.086300 ms MarkObjects: 2.963200 ms  DeleteObjects: 0.025200 ms)

AssetImportParameters requested are different than current active one (requested -> active):
  custom:framework-win-MediaFoundation: 216162199b28c13a410421893ffa2e32 -> 
  custom:video-decoder-ogg-theora: a1e56fd34408186e4bbccfd4996cb3dc -> 
  custom:container-muxer-webm: aa71ff27fc2769a1b78a27578f13a17b -> 
  custom:container-demuxer-webm: 4f35f7cbe854078d1ac9338744f61a02 -> 
  custom:container-demuxer-ogg: 62fdf1f143b41e24485cea50d1cbac27 -> 
  custom:video-encoder-webm-vp8: eb34c28f22e8b96e1ab97ce403110664 -> 
  custom:video-codec-MediaFoundation-h265: 746d11721c4dcdbdad8f713fa42b33f4 -> 
  custom:video-decoder-webm-vp8: 9c59270c3fd7afecdb556c50c9e8de78 -> 
  custom:audio-decoder-ogg-vorbis: bf7c407c2cedff20999df2af8eb42d56 -> 
  custom:audio-encoder-webm-vorbis: bf7c407c2cedff20999df2af8eb42d56 -> 
========================================================================
Received Import Request.
  Time since last request: 39.686572 seconds.
  path: Assets/Scenes/New Prefab.prefab
  artifactKey: Guid(31b7d5827e5762340bf96fd586502e7d) Importer(815301076,1909f56bfc062723c751e8b465ee728b)
Start importing Assets/Scenes/New Prefab.prefab using Guid(31b7d5827e5762340bf96fd586502e7d) Importer(815301076,1909f56bfc062723c751e8b465ee728b)  -> (artifact id: '7a4f1280aa576615097b28072ae7858f') in 0.036910 seconds 
  Import took 0.055400 seconds .

========================================================================
Received Import Request.
  Time since last request: 52.905082 seconds.
  path: Assets/Prefabs
  artifactKey: Guid(7898bbdd6d8aa534eb5d5290409612d3) Importer(815301076,1909f56bfc062723c751e8b465ee728b)
Start importing Assets/Prefabs using Guid(7898bbdd6d8aa534eb5d5290409612d3) Importer(815301076,1909f56bfc062723c751e8b465ee728b)  -> (artifact id: '75870b7b0127dfdf1f86c2d11500b614') in 0.010990 seconds 
  Import took 0.113459 seconds .

========================================================================
Received Import Request.
  Time since last request: 9.302245 seconds.
  path: Assets/Prefabs/rock.prefab
  artifactKey: Guid(5d88924eb50070545a8e4c3965378900) Importer(815301076,1909f56bfc062723c751e8b465ee728b)
Start importing Assets/Prefabs/rock.prefab using Guid(5d88924eb50070545a8e4c3965378900) Importer(815301076,1909f56bfc062723c751e8b465ee728b)  -> (artifact id: '7c61e3fc105ef19e81616f2ac97fc4bf') in 0.012947 seconds 
  Import took 0.019766 seconds .

========================================================================
Received Import Request.
  Time since last request: 16.423089 seconds.
  path: Assets/Scenes/sample.unity
  artifactKey: Guid(9fc0d4010bbf28b4594072e72b8655ab) Importer(815301076,1909f56bfc062723c751e8b465ee728b)
Start importing Assets/Scenes/sample.unity using Guid(9fc0d4010bbf28b4594072e72b8655ab) Importer(815301076,1909f56bfc062723c751e8b465ee728b)  -> (artifact id: '6ed1405c3fe50e9168faeb32fc8d24ac') in 0.011641 seconds 
  Import took 0.014735 seconds .

========================================================================
Received Import Request.
  Time since last request: 86.580475 seconds.
  path: Assets/images
  artifactKey: Guid(d934d68bb43ad2740bf6011b5d0d2907) Importer(815301076,1909f56bfc062723c751e8b465ee728b)
Start importing Assets/images using Guid(d934d68bb43ad2740bf6011b5d0d2907) Importer(815301076,1909f56bfc062723c751e8b465ee728b)  -> (artifact id: '053a2bbfb29df6ecc6259ea7a16be5ff') in 0.011300 seconds 
  Import took 0.114909 seconds .

========================================================================
Received Import Request.
  Time since last request: 1.604762 seconds.
  path: Assets/Prefabs/rock.prefab
  artifactKey: Guid(5d88924eb50070545a8e4c3965378900) Importer(815301076,1909f56bfc062723c751e8b465ee728b)
Start importing Assets/Prefabs/rock.prefab using Guid(5d88924eb50070545a8e4c3965378900) Importer(815301076,1909f56bfc062723c751e8b465ee728b)  -> (artifact id: 'acafa5520416e371d1c86a804b047e95') in 0.148547 seconds 
  Import took 0.172382 seconds .

========================================================================
Received Prepare
Registering precompiled user dll's ...
Registered in 0.002952 seconds.
Begin MonoManager ReloadAssembly
Native extension for WindowsStandalone target not found
Refreshing native plugins compatible for Editor in 0.38 ms, found 2 plugins.
Preloading 0 native plugins for Editor in 0.00 ms.
Mono: successfully reloaded assembly
- Completed reload, in  0.930 seconds
Domain Reload Profiling:
	ReloadAssembly (931ms)
		BeginReloadAssembly (103ms)
			ExecutionOrderSort (0ms)
			DisableScriptedObjects (4ms)
			BackupInstance (0ms)
			ReleaseScriptingObjects (0ms)
			CreateAndSetChildDomain (38ms)
		EndReloadAssembly (773ms)
			LoadAssemblies (73ms)
			RebuildTransferFunctionScriptingTraits (0ms)
			SetupTypeCache (283ms)
			ReleaseScriptCaches (1ms)
			RebuildScriptCaches (43ms)
			SetupLoadedEditorAssemblies (268ms)
				LogAssemblyErrors (0ms)
				InitializePlatformSupportModulesInManaged (5ms)
				SetLoadedEditorAssemblies (1ms)
				RefreshPlugins (0ms)
				BeforeProcessingInitializeOnLoad (50ms)
				ProcessInitializeOnLoadAttributes (200ms)
				ProcessInitializeOnLoadMethodAttributes (8ms)
				AfterProcessingInitializeOnLoad (4ms)
				EditorAssembliesLoaded (0ms)
			ExecutionOrderSort2 (0ms)
			AwakeInstancesAfterBackupRestoration (6ms)
Platform modules already initialized, skipping
Refreshing native plugins compatible for Editor in 0.43 ms, found 2 plugins.
Preloading 0 native plugins for Editor in 0.00 ms.
Unloading 1518 Unused Serialized files (Serialized files now loaded: 0)
System memory in use before: 92.2 MB.
System memory in use after: 92.3 MB.

Unloading 15 unused Assets to reduce memory usage. Loaded Objects now: 1999.
Total: 3.737600 ms (FindLiveObjects: 0.172900 ms CreateObjectMapping: 0.041000 ms MarkObjects: 3.488600 ms  DeleteObjects: 0.033200 ms)

AssetImportParameters requested are different than current active one (requested -> active):
  custom:framework-win-MediaFoundation: 216162199b28c13a410421893ffa2e32 -> 
  custom:video-decoder-ogg-theora: a1e56fd34408186e4bbccfd4996cb3dc -> 
  custom:container-muxer-webm: aa71ff27fc2769a1b78a27578f13a17b -> 
  custom:container-demuxer-webm: 4f35f7cbe854078d1ac9338744f61a02 -> 
  custom:container-demuxer-ogg: 62fdf1f143b41e24485cea50d1cbac27 -> 
  custom:video-encoder-webm-vp8: eb34c28f22e8b96e1ab97ce403110664 -> 
  custom:video-codec-MediaFoundation-h265: 746d11721c4dcdbdad8f713fa42b33f4 -> 
  custom:video-decoder-webm-vp8: 9c59270c3fd7afecdb556c50c9e8de78 -> 
  custom:audio-decoder-ogg-vorbis: bf7c407c2cedff20999df2af8eb42d56 -> 
  custom:audio-encoder-webm-vorbis: bf7c407c2cedff20999df2af8eb42d56 -> 
========================================================================
Received Import Request.
  Time since last request: 61.831081 seconds.
  path: Assets/New Prefab.prefab
  artifactKey: Guid(ede621b6ec2960747ae06fc7749b3f40) Importer(815301076,1909f56bfc062723c751e8b465ee728b)
Start importing Assets/New Prefab.prefab using Guid(ede621b6ec2960747ae06fc7749b3f40) Importer(815301076,1909f56bfc062723c751e8b465ee728b)  -> (artifact id: 'bf0684bb1d867fd1b618a0ab967efeb4') in 0.032145 seconds 
  Import took 0.048721 seconds .

========================================================================
Received Import Request.
  Time since last request: 32.569148 seconds.
  path: Assets/Prefabs/sample ship.prefab
  artifactKey: Guid(21afddd8906318a4faf993b2732e35cb) Importer(815301076,1909f56bfc062723c751e8b465ee728b)
Start importing Assets/Prefabs/sample ship.prefab using Guid(21afddd8906318a4faf993b2732e35cb) Importer(815301076,1909f56bfc062723c751e8b465ee728b)  -> (artifact id: '0125028d0e32cf72f82464305728b7c5') in 0.018762 seconds 
  Import took 0.022575 seconds .

========================================================================
Received Import Request.
  Time since last request: 42.607270 seconds.
  path: Assets/3d assets/Quarren Coyote Ship 1.obj
  artifactKey: Guid(a34e8c6f54cf4444cad5a458c4a136a2) Importer(815301076,1909f56bfc062723c751e8b465ee728b)
Start importing Assets/3d assets/Quarren Coyote Ship 1.obj using Guid(a34e8c6f54cf4444cad5a458c4a136a2) Importer(815301076,1909f56bfc062723c751e8b465ee728b)  -> (artifact id: '30f555bfc715ab7690fe98d3cee7233a') in 0.245270 seconds 
  Import took 0.357841 seconds .

========================================================================
Received Import Request.
  Time since last request: 22.294426 seconds.
  path: Assets/3d assets
  artifactKey: Guid(8180ad840394a984ca6b340213a68aab) Importer(815301076,1909f56bfc062723c751e8b465ee728b)
Start importing Assets/3d assets using Guid(8180ad840394a984ca6b340213a68aab) Importer(815301076,1909f56bfc062723c751e8b465ee728b)  -> (artifact id: 'fa3e9fbcfb4b0425df328c6eb9ca64fb') in 0.010302 seconds 
  Import took 0.147210 seconds .

========================================================================
Received Import Request.
  Time since last request: 41.238515 seconds.
  path: Assets/3d assets/space_craft/models/space craft.3ds
  artifactKey: Guid(34b1e24e3b942894683ac7468a2c1979) Importer(815301076,1909f56bfc062723c751e8b465ee728b)
Start importing Assets/3d assets/space_craft/models/space craft.3ds using Guid(34b1e24e3b942894683ac7468a2c1979) Importer(815301076,1909f56bfc062723c751e8b465ee728b)  -> (artifact id: '24922f728781402c5b1c313e46d8cf39') in 0.058095 seconds 
  Import took 0.084766 seconds .

========================================================================
Received Import Request.
  Time since last request: 19.049610 seconds.
  path: Assets/3d assets/space_craft/models/space craft.dae
  artifactKey: Guid(efdad493eb9102441a61e941ba4c4d26) Importer(815301076,1909f56bfc062723c751e8b465ee728b)
Start importing Assets/3d assets/space_craft/models/space craft.dae using Guid(efdad493eb9102441a61e941ba4c4d26) Importer(815301076,1909f56bfc062723c751e8b465ee728b)  -> (artifact id: 'c56e3848280d62eb4e2df0a2c871c86a') in 0.019246 seconds 
  Import took 0.024149 seconds .

========================================================================
Received Import Request.
  Time since last request: 11.029616 seconds.
  path: Assets/3d assets/space_craft/models/space craft.fbx
  artifactKey: Guid(68ff351c7f1075e48a3f87615cbde966) Importer(815301076,1909f56bfc062723c751e8b465ee728b)
Start importing Assets/3d assets/space_craft/models/space craft.fbx using Guid(68ff351c7f1075e48a3f87615cbde966) Importer(815301076,1909f56bfc062723c751e8b465ee728b)  -> (artifact id: '6ba15d3821e437a6e58b79d6bfc71627') in 0.048632 seconds 
  Import took 0.150036 seconds .

========================================================================
Received Import Request.
  Time since last request: 12.641579 seconds.
  path: Assets/3d assets/space_craft/models/space craft.blend
  artifactKey: Guid(55c90b80bf730bc44b72100da0e42120) Importer(815301076,1909f56bfc062723c751e8b465ee728b)
Start importing Assets/3d assets/space_craft/models/space craft.blend using Guid(55c90b80bf730bc44b72100da0e42120) Importer(815301076,1909f56bfc062723c751e8b465ee728b)  -> (artifact id: '87330a2f4655e37db3bf650bd845412c') in 0.052545 seconds 
  Import took 0.069087 seconds .

========================================================================
Received Import Request.
  Time since last request: 12.394068 seconds.
  path: Assets/3d assets/space_craft/textures/1.png
  artifactKey: Guid(e83e9f9d9e489aa4baaa97dc91a24b19) Importer(815301076,1909f56bfc062723c751e8b465ee728b)
Start importing Assets/3d assets/space_craft/textures/1.png using Guid(e83e9f9d9e489aa4baaa97dc91a24b19) Importer(815301076,1909f56bfc062723c751e8b465ee728b)  -> (artifact id: '143c01879fe721f9c0a057621ad4a6ee') in 0.039914 seconds 
  Import took 0.219168 seconds .

========================================================================
Received Import Request.
  Time since last request: 46.000065 seconds.
  path: Assets/3d assets/space_craft/textures/1.png
  artifactKey: Guid(e83e9f9d9e489aa4baaa97dc91a24b19) Importer(815301076,1909f56bfc062723c751e8b465ee728b)
Start importing Assets/3d assets/space_craft/textures/1.png using Guid(e83e9f9d9e489aa4baaa97dc91a24b19) Importer(815301076,1909f56bfc062723c751e8b465ee728b)  -> (artifact id: '43ebb3d0f2d0bcd57856534ec556c8ca') in 0.027463 seconds 
  Import took 0.030128 seconds .

========================================================================
Received Import Request.
  Time since last request: 1223.766820 seconds.
  path: Assets/3d assets/space_craft/models
  artifactKey: Guid(5666d1cc1af23f04ea2799af4ebef5ff) Importer(815301076,1909f56bfc062723c751e8b465ee728b)
Start importing Assets/3d assets/space_craft/models using Guid(5666d1cc1af23f04ea2799af4ebef5ff) Importer(815301076,1909f56bfc062723c751e8b465ee728b)  -> (artifact id: '0d023348cb57303dc2733a1fda95301e') in 0.011369 seconds 
  Import took 0.114585 seconds .

========================================================================
Received Import Request.
  Time since last request: 46.606174 seconds.
  path: Assets/3d assets/space_craft/models/space craft.3ds
  artifactKey: Guid(34b1e24e3b942894683ac7468a2c1979) Importer(815301076,1909f56bfc062723c751e8b465ee728b)
Start importing Assets/3d assets/space_craft/models/space craft.3ds using Guid(34b1e24e3b942894683ac7468a2c1979) Importer(815301076,1909f56bfc062723c751e8b465ee728b)  -> (artifact id: 'bff58089eb2b35e340397f2aa17cf413') in 0.054842 seconds 
  Import took 0.057499 seconds .

========================================================================
Received Import Request.
  Time since last request: 76.266622 seconds.
  path: Assets/3d assets/space_craft/models/space craft.stl
  artifactKey: Guid(4b00a9af17f4afc449f6b1e27331a637) Importer(815301076,1909f56bfc062723c751e8b465ee728b)
Start importing Assets/3d assets/space_craft/models/space craft.stl using Guid(4b00a9af17f4afc449f6b1e27331a637) Importer(815301076,1909f56bfc062723c751e8b465ee728b)  -> (artifact id: '4478335d674ca6271e26bb64c09e4602') in 0.010049 seconds 
  Import took 0.012661 seconds .

========================================================================
Received Import Request.
  Time since last request: 25.566796 seconds.
  path: Assets/3d assets/space_craft/models/space craft.3ds
  artifactKey: Guid(34b1e24e3b942894683ac7468a2c1979) Importer(815301076,1909f56bfc062723c751e8b465ee728b)
Start importing Assets/3d assets/space_craft/models/space craft.3ds using Guid(34b1e24e3b942894683ac7468a2c1979) Importer(815301076,1909f56bfc062723c751e8b465ee728b)  -> (artifact id: '06e2bfc842b55ad5805117da3fefe13a') in 0.032234 seconds 
  Import took 0.057989 seconds .

========================================================================
Received Import Request.
  Time since last request: 105.938511 seconds.
  path: Assets/3d assets/space_craft
  artifactKey: Guid(d95078e4daa419c418fd943cb22be032) Importer(815301076,1909f56bfc062723c751e8b465ee728b)
Start importing Assets/3d assets/space_craft using Guid(d95078e4daa419c418fd943cb22be032) Importer(815301076,1909f56bfc062723c751e8b465ee728b)  -> (artifact id: 'ab64a451dd24cea5a161071487761746') in 0.009325 seconds 
  Import took 0.012143 seconds .

========================================================================
Received Import Request.
  Time since last request: 2.824563 seconds.
  path: Assets/Prefabs/sample ship.prefab
  artifactKey: Guid(21afddd8906318a4faf993b2732e35cb) Importer(815301076,1909f56bfc062723c751e8b465ee728b)
Start importing Assets/Prefabs/sample ship.prefab using Guid(21afddd8906318a4faf993b2732e35cb) Importer(815301076,1909f56bfc062723c751e8b465ee728b)  -> (artifact id: 'ac0e22c27346ef47baba946d7666ba0b') in 0.243573 seconds 
  Import took 0.246742 seconds .

========================================================================
Received Prepare
Registering precompiled user dll's ...
Registered in 0.082826 seconds.
Begin MonoManager ReloadAssembly
Native extension for WindowsStandalone target not found
Refreshing native plugins compatible for Editor in 0.48 ms, found 2 plugins.
Preloading 0 native plugins for Editor in 0.00 ms.
Mono: successfully reloaded assembly
- Completed reload, in  1.019 seconds
Domain Reload Profiling:
	ReloadAssembly (1020ms)
		BeginReloadAssembly (113ms)
			ExecutionOrderSort (0ms)
			DisableScriptedObjects (5ms)
			BackupInstance (0ms)
			ReleaseScriptingObjects (0ms)
			CreateAndSetChildDomain (31ms)
		EndReloadAssembly (825ms)
			LoadAssemblies (99ms)
			RebuildTransferFunctionScriptingTraits (0ms)
			SetupTypeCache (281ms)
			ReleaseScriptCaches (1ms)
			RebuildScriptCaches (39ms)
			SetupLoadedEditorAssemblies (322ms)
				LogAssemblyErrors (0ms)
				InitializePlatformSupportModulesInManaged (5ms)
				SetLoadedEditorAssemblies (0ms)
				RefreshPlugins (1ms)
				BeforeProcessingInitializeOnLoad (59ms)
				ProcessInitializeOnLoadAttributes (243ms)
				ProcessInitializeOnLoadMethodAttributes (10ms)
				AfterProcessingInitializeOnLoad (4ms)
				EditorAssembliesLoaded (0ms)
			ExecutionOrderSort2 (0ms)
			AwakeInstancesAfterBackupRestoration (8ms)
Platform modules already initialized, skipping
Refreshing native plugins compatible for Editor in 0.58 ms, found 2 plugins.
Preloading 0 native plugins for Editor in 0.00 ms.
Unloading 1518 Unused Serialized files (Serialized files now loaded: 0)
System memory in use before: 92.7 MB.
System memory in use after: 92.8 MB.

Unloading 14 unused Assets to reduce memory usage. Loaded Objects now: 2040.
Total: 3.394800 ms (FindLiveObjects: 0.245000 ms CreateObjectMapping: 0.044100 ms MarkObjects: 3.077600 ms  DeleteObjects: 0.025900 ms)

AssetImportParameters requested are different than current active one (requested -> active):
  custom:framework-win-MediaFoundation: 216162199b28c13a410421893ffa2e32 -> 
  custom:video-decoder-ogg-theora: a1e56fd34408186e4bbccfd4996cb3dc -> 
  custom:container-muxer-webm: aa71ff27fc2769a1b78a27578f13a17b -> 
  custom:container-demuxer-webm: 4f35f7cbe854078d1ac9338744f61a02 -> 
  custom:container-demuxer-ogg: 62fdf1f143b41e24485cea50d1cbac27 -> 
  custom:video-encoder-webm-vp8: eb34c28f22e8b96e1ab97ce403110664 -> 
  custom:video-codec-MediaFoundation-h265: 746d11721c4dcdbdad8f713fa42b33f4 -> 
  custom:video-decoder-webm-vp8: 9c59270c3fd7afecdb556c50c9e8de78 -> 
  custom:audio-decoder-ogg-vorbis: bf7c407c2cedff20999df2af8eb42d56 -> 
  custom:audio-encoder-webm-vorbis: bf7c407c2cedff20999df2af8eb42d56 -> 
========================================================================
Received Import Request.
  Time since last request: 545.616596 seconds.
  path: Assets/player.cs
  artifactKey: Guid(1c29bdcec9210f84a9750c252735608b) Importer(815301076,1909f56bfc062723c751e8b465ee728b)
Start importing Assets/player.cs using Guid(1c29bdcec9210f84a9750c252735608b) Importer(815301076,1909f56bfc062723c751e8b465ee728b)  -> (artifact id: '59cb18c8aa8da4fe6900c55366b2c1e8') in 0.014176 seconds 
  Import took 0.017795 seconds .

========================================================================
Received Prepare
Registering precompiled user dll's ...
Registered in 0.002454 seconds.
Begin MonoManager ReloadAssembly
Native extension for WindowsStandalone target not found
Refreshing native plugins compatible for Editor in 0.43 ms, found 2 plugins.
Preloading 0 native plugins for Editor in 0.00 ms.
Mono: successfully reloaded assembly
- Completed reload, in  0.989 seconds
Domain Reload Profiling:
	ReloadAssembly (990ms)
		BeginReloadAssembly (116ms)
			ExecutionOrderSort (0ms)
			DisableScriptedObjects (4ms)
			BackupInstance (0ms)
			ReleaseScriptingObjects (0ms)
			CreateAndSetChildDomain (43ms)
		EndReloadAssembly (818ms)
			LoadAssemblies (74ms)
			RebuildTransferFunctionScriptingTraits (0ms)
			SetupTypeCache (326ms)
			ReleaseScriptCaches (1ms)
			RebuildScriptCaches (42ms)
			SetupLoadedEditorAssemblies (282ms)
				LogAssemblyErrors (0ms)
				InitializePlatformSupportModulesInManaged (5ms)
				SetLoadedEditorAssemblies (0ms)
				RefreshPlugins (1ms)
				BeforeProcessingInitializeOnLoad (46ms)
				ProcessInitializeOnLoadAttributes (216ms)
				ProcessInitializeOnLoadMethodAttributes (10ms)
				AfterProcessingInitializeOnLoad (4ms)
				EditorAssembliesLoaded (0ms)
			ExecutionOrderSort2 (0ms)
			AwakeInstancesAfterBackupRestoration (6ms)
Platform modules already initialized, skipping
Refreshing native plugins compatible for Editor in 0.37 ms, found 2 plugins.
Preloading 0 native plugins for Editor in 0.00 ms.
Unloading 1518 Unused Serialized files (Serialized files now loaded: 0)
System memory in use before: 92.7 MB.
System memory in use after: 92.8 MB.

Unloading 14 unused Assets to reduce memory usage. Loaded Objects now: 2042.
Total: 3.167500 ms (FindLiveObjects: 0.189900 ms CreateObjectMapping: 0.041300 ms MarkObjects: 2.911800 ms  DeleteObjects: 0.022700 ms)

AssetImportParameters requested are different than current active one (requested -> active):
  custom:framework-win-MediaFoundation: 216162199b28c13a410421893ffa2e32 -> 
  custom:video-decoder-ogg-theora: a1e56fd34408186e4bbccfd4996cb3dc -> 
  custom:container-muxer-webm: aa71ff27fc2769a1b78a27578f13a17b -> 
  custom:container-demuxer-webm: 4f35f7cbe854078d1ac9338744f61a02 -> 
  custom:container-demuxer-ogg: 62fdf1f143b41e24485cea50d1cbac27 -> 
  custom:video-encoder-webm-vp8: eb34c28f22e8b96e1ab97ce403110664 -> 
  custom:video-codec-MediaFoundation-h265: 746d11721c4dcdbdad8f713fa42b33f4 -> 
  custom:video-decoder-webm-vp8: 9c59270c3fd7afecdb556c50c9e8de78 -> 
  custom:audio-decoder-ogg-vorbis: bf7c407c2cedff20999df2af8eb42d56 -> 
  custom:audio-encoder-webm-vorbis: bf7c407c2cedff20999df2af8eb42d56 -> 
========================================================================
Received Import Request.
  Time since last request: 18.393865 seconds.
  path: Assets/player.cs
  artifactKey: Guid(1c29bdcec9210f84a9750c252735608b) Importer(815301076,1909f56bfc062723c751e8b465ee728b)
Start importing Assets/player.cs using Guid(1c29bdcec9210f84a9750c252735608b) Importer(815301076,1909f56bfc062723c751e8b465ee728b)  -> (artifact id: 'd65e8297101a5d63a5ff4ca9fb4f632d') in 0.005403 seconds 
  Import took 0.008090 seconds .

========================================================================
Received Prepare
Registering precompiled user dll's ...
Registered in 0.002511 seconds.
Begin MonoManager ReloadAssembly
Native extension for WindowsStandalone target not found
Refreshing native plugins compatible for Editor in 0.45 ms, found 2 plugins.
Preloading 0 native plugins for Editor in 0.00 ms.
Mono: successfully reloaded assembly
- Completed reload, in  0.889 seconds
Domain Reload Profiling:
	ReloadAssembly (889ms)
		BeginReloadAssembly (105ms)
			ExecutionOrderSort (0ms)
			DisableScriptedObjects (4ms)
			BackupInstance (0ms)
			ReleaseScriptingObjects (0ms)
			CreateAndSetChildDomain (35ms)
		EndReloadAssembly (726ms)
			LoadAssemblies (75ms)
			RebuildTransferFunctionScriptingTraits (0ms)
			SetupTypeCache (255ms)
			ReleaseScriptCaches (1ms)
			RebuildScriptCaches (38ms)
			SetupLoadedEditorAssemblies (267ms)
				LogAssemblyErrors (0ms)
				InitializePlatformSupportModulesInManaged (5ms)
				SetLoadedEditorAssemblies (0ms)
				RefreshPlugins (1ms)
				BeforeProcessingInitializeOnLoad (48ms)
				ProcessInitializeOnLoadAttributes (200ms)
				ProcessInitializeOnLoadMethodAttributes (9ms)
				AfterProcessingInitializeOnLoad (4ms)
				EditorAssembliesLoaded (0ms)
			ExecutionOrderSort2 (0ms)
			AwakeInstancesAfterBackupRestoration (6ms)
Platform modules already initialized, skipping
Refreshing native plugins compatible for Editor in 0.40 ms, found 2 plugins.
Preloading 0 native plugins for Editor in 0.00 ms.
Unloading 1518 Unused Serialized files (Serialized files now loaded: 0)
System memory in use before: 92.7 MB.
System memory in use after: 92.8 MB.

Unloading 14 unused Assets to reduce memory usage. Loaded Objects now: 2044.
Total: 3.451400 ms (FindLiveObjects: 0.187900 ms CreateObjectMapping: 0.042900 ms MarkObjects: 3.182500 ms  DeleteObjects: 0.036200 ms)

AssetImportParameters requested are different than current active one (requested -> active):
  custom:framework-win-MediaFoundation: 216162199b28c13a410421893ffa2e32 -> 
  custom:video-decoder-ogg-theora: a1e56fd34408186e4bbccfd4996cb3dc -> 
  custom:container-muxer-webm: aa71ff27fc2769a1b78a27578f13a17b -> 
  custom:container-demuxer-webm: 4f35f7cbe854078d1ac9338744f61a02 -> 
  custom:container-demuxer-ogg: 62fdf1f143b41e24485cea50d1cbac27 -> 
  custom:video-encoder-webm-vp8: eb34c28f22e8b96e1ab97ce403110664 -> 
  custom:video-codec-MediaFoundation-h265: 746d11721c4dcdbdad8f713fa42b33f4 -> 
  custom:video-decoder-webm-vp8: 9c59270c3fd7afecdb556c50c9e8de78 -> 
  custom:audio-decoder-ogg-vorbis: bf7c407c2cedff20999df2af8eb42d56 -> 
  custom:audio-encoder-webm-vorbis: bf7c407c2cedff20999df2af8eb42d56 -> 
========================================================================
Received Prepare
Registering precompiled user dll's ...
Registered in 0.002460 seconds.
Begin MonoManager ReloadAssembly
Native extension for WindowsStandalone target not found
Refreshing native plugins compatible for Editor in 0.52 ms, found 2 plugins.
Preloading 0 native plugins for Editor in 0.00 ms.
Mono: successfully reloaded assembly
- Completed reload, in  0.965 seconds
Domain Reload Profiling:
	ReloadAssembly (966ms)
		BeginReloadAssembly (115ms)
			ExecutionOrderSort (0ms)
			DisableScriptedObjects (5ms)
			BackupInstance (0ms)
			ReleaseScriptingObjects (0ms)
			CreateAndSetChildDomain (37ms)
		EndReloadAssembly (785ms)
			LoadAssemblies (86ms)
			RebuildTransferFunctionScriptingTraits (0ms)
			SetupTypeCache (260ms)
			ReleaseScriptCaches (2ms)
			RebuildScriptCaches (43ms)
			SetupLoadedEditorAssemblies (294ms)
				LogAssemblyErrors (0ms)
				InitializePlatformSupportModulesInManaged (6ms)
				SetLoadedEditorAssemblies (0ms)
				RefreshPlugins (1ms)
				BeforeProcessingInitializeOnLoad (56ms)
				ProcessInitializeOnLoadAttributes (220ms)
				ProcessInitializeOnLoadMethodAttributes (8ms)
				AfterProcessingInitializeOnLoad (3ms)
				EditorAssembliesLoaded (0ms)
			ExecutionOrderSort2 (0ms)
			AwakeInstancesAfterBackupRestoration (6ms)
Platform modules already initialized, skipping
Refreshing native plugins compatible for Editor in 0.36 ms, found 2 plugins.
Preloading 0 native plugins for Editor in 0.00 ms.
Unloading 1518 Unused Serialized files (Serialized files now loaded: 0)
System memory in use before: 92.7 MB.
System memory in use after: 92.8 MB.

Unloading 14 unused Assets to reduce memory usage. Loaded Objects now: 2046.
Total: 4.225500 ms (FindLiveObjects: 0.600300 ms CreateObjectMapping: 0.166800 ms MarkObjects: 3.421500 ms  DeleteObjects: 0.034400 ms)

AssetImportParameters requested are different than current active one (requested -> active):
  custom:framework-win-MediaFoundation: 216162199b28c13a410421893ffa2e32 -> 
  custom:video-decoder-ogg-theora: a1e56fd34408186e4bbccfd4996cb3dc -> 
  custom:container-muxer-webm: aa71ff27fc2769a1b78a27578f13a17b -> 
  custom:container-demuxer-webm: 4f35f7cbe854078d1ac9338744f61a02 -> 
  custom:container-demuxer-ogg: 62fdf1f143b41e24485cea50d1cbac27 -> 
  custom:video-encoder-webm-vp8: eb34c28f22e8b96e1ab97ce403110664 -> 
  custom:video-codec-MediaFoundation-h265: 746d11721c4dcdbdad8f713fa42b33f4 -> 
  custom:video-decoder-webm-vp8: 9c59270c3fd7afecdb556c50c9e8de78 -> 
  custom:audio-decoder-ogg-vorbis: bf7c407c2cedff20999df2af8eb42d56 -> 
  custom:audio-encoder-webm-vorbis: bf7c407c2cedff20999df2af8eb42d56 -> 
========================================================================
Received Prepare
Registering precompiled user dll's ...
Registered in 0.003283 seconds.
Begin MonoManager ReloadAssembly
Native extension for WindowsStandalone target not found
Refreshing native plugins compatible for Editor in 0.40 ms, found 2 plugins.
Preloading 0 native plugins for Editor in 0.00 ms.
Mono: successfully reloaded assembly
- Completed reload, in  1.033 seconds
Domain Reload Profiling:
	ReloadAssembly (1033ms)
		BeginReloadAssembly (128ms)
			ExecutionOrderSort (0ms)
			DisableScriptedObjects (5ms)
			BackupInstance (0ms)
			ReleaseScriptingObjects (0ms)
			CreateAndSetChildDomain (39ms)
		EndReloadAssembly (835ms)
			LoadAssemblies (94ms)
			RebuildTransferFunctionScriptingTraits (0ms)
			SetupTypeCache (312ms)
			ReleaseScriptCaches (1ms)
			RebuildScriptCaches (39ms)
			SetupLoadedEditorAssemblies (296ms)
				LogAssemblyErrors (0ms)
				InitializePlatformSupportModulesInManaged (5ms)
				SetLoadedEditorAssemblies (1ms)
				RefreshPlugins (0ms)
				BeforeProcessingInitializeOnLoad (47ms)
				ProcessInitializeOnLoadAttributes (231ms)
				ProcessInitializeOnLoadMethodAttributes (8ms)
				AfterProcessingInitializeOnLoad (4ms)
				EditorAssembliesLoaded (0ms)
			ExecutionOrderSort2 (0ms)
			AwakeInstancesAfterBackupRestoration (6ms)
Platform modules already initialized, skipping
Refreshing native plugins compatible for Editor in 0.47 ms, found 2 plugins.
Preloading 0 native plugins for Editor in 0.00 ms.
Unloading 1518 Unused Serialized files (Serialized files now loaded: 0)
System memory in use before: 92.7 MB.
System memory in use after: 92.8 MB.

Unloading 14 unused Assets to reduce memory usage. Loaded Objects now: 2048.
Total: 3.226300 ms (FindLiveObjects: 0.217500 ms CreateObjectMapping: 0.045900 ms MarkObjects: 2.925800 ms  DeleteObjects: 0.035300 ms)

AssetImportParameters requested are different than current active one (requested -> active):
  custom:framework-win-MediaFoundation: 216162199b28c13a410421893ffa2e32 -> 
  custom:video-decoder-ogg-theora: a1e56fd34408186e4bbccfd4996cb3dc -> 
  custom:container-muxer-webm: aa71ff27fc2769a1b78a27578f13a17b -> 
  custom:container-demuxer-webm: 4f35f7cbe854078d1ac9338744f61a02 -> 
  custom:container-demuxer-ogg: 62fdf1f143b41e24485cea50d1cbac27 -> 
  custom:video-encoder-webm-vp8: eb34c28f22e8b96e1ab97ce403110664 -> 
  custom:video-codec-MediaFoundation-h265: 746d11721c4dcdbdad8f713fa42b33f4 -> 
  custom:video-decoder-webm-vp8: 9c59270c3fd7afecdb556c50c9e8de78 -> 
  custom:audio-decoder-ogg-vorbis: bf7c407c2cedff20999df2af8eb42d56 -> 
  custom:audio-encoder-webm-vorbis: bf7c407c2cedff20999df2af8eb42d56 -> 
